
Showing logs for build [32mcb-kubecd-bdd-gh-1581612615-pr-4b766-1[0m stage [32mfrom-build-pack[0m and container [32mstep-credential-initializer-wmv78[0m
{"level":"warn","ts":1581616380.769639,"logger":"fallback-logger","caller":"logging/config.go:69","msg":"Fetch GitHub commit ID from kodata failed: \"ref: refs/heads/0.8.0-**-support-backwards-incompats\" is not a valid GitHub commit ID"}
{"level":"info","ts":1581616380.7700477,"logger":"fallback-logger","caller":"creds-init/main.go:40","msg":"Credentials initialized."}

Showing logs for build [32mcb-kubecd-bdd-gh-1581612615-pr-4b766-1[0m stage [32mfrom-build-pack[0m and container [32mstep-working-dir-initializer-6zbbk[0m
{"level":"warn","ts":1581616381.7862914,"logger":"fallback-logger","caller":"logging/config.go:69","msg":"Fetch GitHub commit ID from kodata failed: open /var/run/ko/HEAD: no such file or directory"}
{"level":"info","ts":1581616381.7870352,"logger":"fallback-logger","caller":"bash/main.go:64","msg":"Successfully executed command \"sh -c mkdir -p /workspace/source\"; output "}

Showing logs for build [32mcb-kubecd-bdd-gh-1581612615-pr-4b766-1[0m stage [32mfrom-build-pack[0m and container [32mstep-place-tools[0m

Showing logs for build [32mcb-kubecd-bdd-gh-1581612615-pr-4b766-1[0m stage [32mfrom-build-pack[0m and container [32mstep-git-source-cb-kubecd-bdd-gh-1581612615-pr-4b766-4pzn4[0m
{"level":"warn","ts":1581616386.87636,"logger":"fallback-logger","caller":"logging/config.go:69","msg":"Fetch GitHub commit ID from kodata failed: \"ref: refs/heads/0.8.0-**-support-backwards-incompats\" is not a valid GitHub commit ID"}
{"level":"info","ts":1581616387.0539937,"logger":"fallback-logger","caller":"git/git.go:103","msg":"Successfully cloned https://github.com/cb-kubecd/bdd-gh-1581612615.git @ master in path /workspace/source"}

Showing logs for build [32mcb-kubecd-bdd-gh-1581612615-pr-4b766-1[0m stage [32mfrom-build-pack[0m and container [32mstep-git-merge[0m
Using SHAs from PULL_REFS=master:e63d627c668e3f7a5466871ad67bd46d3b870157,1:618a76fcdc1a43c271facc02370baf7f18cbd72a
DEBUG: LC_ALL=C JX_LOG_LEVEL=error git fetch origin --unshallow 618a76fcdc1a43c271facc02370baf7f18cbd72a: e63d627c668e3f7a5466871ad67bd46d3b870157:
DEBUG: ran git fetch --unshallow origin 618a76fcdc1a43c271facc02370baf7f18cbd72a: e63d627c668e3f7a5466871ad67bd46d3b870157: in 
DEBUG: LC_ALL=C JX_LOG_LEVEL=error git branch
DEBUG: LC_ALL=C JX_LOG_LEVEL=error git checkout master
DEBUG: ran git checkout master in 
DEBUG: LC_ALL=C JX_LOG_LEVEL=error git reset --hard e63d627c668e3f7a5466871ad67bd46d3b870157
DEBUG: ran git reset --hard e63d627c668e3f7a5466871ad67bd46d3b870157 in 
DEBUG: LC_ALL=C JX_LOG_LEVEL=error git clean -fd .
DEBUG: ran clean --force -d . in 
DEBUG: LC_ALL=C JX_LOG_LEVEL=error git merge 618a76fcdc1a43c271facc02370baf7f18cbd72a
DEBUG: ran git merge 618a76fcdc1a43c271facc02370baf7f18cbd72a in 
DEBUG: LC_ALL=C JX_LOG_LEVEL=error git log --format=%H%x1f%an%x1f%ae%x1f%cn%x1f%ce%x1f%s%n%b%x1e e63d627c668e3f7a5466871ad67bd46d3b870157..HEAD
Merged SHA 618a76fcdc1a43c271facc02370baf7f18cbd72a with commit message 'My first PR commit' into base branch master

Showing logs for build [32mcb-kubecd-bdd-gh-1581612615-pr-4b766-1[0m stage [32mfrom-build-pack[0m and container [32mstep-build-make-linux[0m
CGO_ENABLED=0 GOOS=linux GOARCH=amd64 GO15VENDOREXPERIMENT=1 go build -ldflags '' -o bin/bdd-gh-1581612615 main.go

Showing logs for build [32mcb-kubecd-bdd-gh-1581612615-pr-4b766-1[0m stage [32mfrom-build-pack[0m and container [32mstep-build-container-build[0m
[36mINFO[0m[0000] No base image, nothing to extract            
[36mINFO[0m[0000] cmd: EXPOSE                                  
[36mINFO[0m[0000] Adding exposed port: 8080/tcp                
[36mINFO[0m[0000] Using files from context: [/workspace/source/bin] 
[36mINFO[0m[0000] Skipping unpacking as no commands require it. 
[36mINFO[0m[0000] Taking snapshot of full filesystem...        
[36mINFO[0m[0000] EXPOSE 8080                                  
[36mINFO[0m[0000] cmd: EXPOSE                                  
[36mINFO[0m[0000] Adding exposed port: 8080/tcp                
[36mINFO[0m[0000] No files changed in this command, skipping snapshotting. 
[36mINFO[0m[0000] ENTRYPOINT ["/bdd-gh-1581612615"]            
[36mINFO[0m[0000] No files changed in this command, skipping snapshotting. 
[36mINFO[0m[0000] Using files from context: [/workspace/source/bin] 
[36mINFO[0m[0000] COPY ./bin/ /                                
[36mINFO[0m[0000] Taking snapshot of files...                  
2020/02/13 17:53:18 pushed blob: sha256:44612a1e71a88e79e0117dbaa67d8bf1f74c20da0c745201ff0bc88b51be07c5
2020/02/13 17:53:19 pushed blob: sha256:e2e773efd3309d1fdaf832c260e36d5827675846ed1140322255933c87a7579d
2020/02/13 17:53:19 296178596335.dkr.ecr.us-east-1.amazonaws.com/cb-kubecd/bdd-gh-1581612615:0.0.0-SNAPSHOT-PR-1-1: digest: sha256:22fd8ec1136df03fdd344c95f02fa91cb7734a2ad04aea62095473b75ebf3a15 size: 428

Showing logs for build [32mcb-kubecd-bdd-gh-1581612615-pr-4b766-1[0m stage [32mfrom-build-pack[0m and container [32mstep-postbuild-post-build[0m
no CVE provider running in the current ** namespace so skip adding image to be analysed

Showing logs for build [32mcb-kubecd-bdd-gh-1581612615-pr-4b766-1[0m stage [32mfrom-build-pack[0m and container [32mstep-promote-make-preview[0m
sed -i -e "s/version:.*/version: 0.0.0-SNAPSHOT-PR-1-1/" Chart.yaml
sed -i -e "s/version:.*/version: 0.0.0-SNAPSHOT-PR-1-1/" ../*/Chart.yaml
sed -i -e "s|repository:.*|repository: 296178596335.dkr.ecr.us-east-1.amazonaws.com\/cb-kubecd\/bdd-gh-1581612615|" values.yaml
sed -i -e "s/tag:.*/tag: 0.0.0-SNAPSHOT-PR-1-1/" values.yaml
echo "  version: 0.0.0-SNAPSHOT-PR-1-1" >> requirements.yaml
** step helm build
WARNING: No $CHART_REPOSITORY defined so using the default value of: http://jenkins-x-chartmuseum:8080
Adding missing Helm repo: storage.googleapis.com https://storage.googleapis.com/chartmuseum.jenkins-x.io
WARNING: No secrets found on "helm/repos" due: reading the secret "helm/repos" from vault: no secret "helm/repos" not found in vault
Read credentials for https://storage.googleapis.com/chartmuseum.jenkins-x.io from vault helm/repos
Successfully added Helm repository storage.googleapis.com.
Adding missing Helm repo: jenkins-x-chartmuseum http://jenkins-x-chartmuseum:8080
WARNING: No secrets found on "helm/repos" due: reading the secret "helm/repos" from vault: no secret "helm/repos" not found in vault
Read credentials for http://jenkins-x-chartmuseum:8080 from vault helm/repos
Successfully added Helm repository jenkins-x-chartmuseum.
WARNING: No $CHART_REPOSITORY defined so using the default value of: http://jenkins-x-chartmuseum:8080
Adding missing Helm repo: chartmuseum.jenkins-x.io http://chartmuseum.jenkins-x.io
WARNING: No secrets found on "helm/repos" due: reading the secret "helm/repos" from vault: no secret "helm/repos" not found in vault
Read credentials for http://chartmuseum.jenkins-x.io from vault helm/repos
Successfully added Helm repository chartmuseum.jenkins-x.io.

Showing logs for build [32mcb-kubecd-bdd-gh-1581612615-pr-4b766-1[0m stage [32mfrom-build-pack[0m and container [32mstep-promote-jx-preview[0m
Creating a preview
Created environment cb-kubecd-bdd-gh-1581612615-pr-1
Namespace **-cb-kubecd-bdd-gh-1581612615-pr-1 created 
expose:
  Annotations:
    helm.sh/hook: post-install,post-upgrade
    helm.sh/hook-delete-policy: hook-succeeded
  config:
    domain: 3.218.187.46.nip.io
    exposer: Ingress
    http: "true"
preview:
  image:
    repository: 296178596335.dkr.ecr.us-east-1.amazonaws.com/cb-kubecd/bdd-gh-1581612615
    tag: 0.0.0-SNAPSHOT-PR-1-1

Updating PipelineActivities cb-kubecd-bdd-gh-1581612615-pr-1-1 which has status 
WARNING: preview application http://bdd-gh-1581612615.**-cb-kubecd-bdd-gh-1581612615-pr-1.3.218.187.46.nip.io not available, error was 503 503 Service Temporarily Unavailable, delaying for: 585.520507ms
WARNING: preview application http://bdd-gh-1581612615.**-cb-kubecd-bdd-gh-1581612615-pr-1.3.218.187.46.nip.io not available, error was 503 503 Service Temporarily Unavailable, delaying for: 1.304539265s
WARNING: preview application http://bdd-gh-1581612615.**-cb-kubecd-bdd-gh-1581612615-pr-1.3.218.187.46.nip.io not available, error was 503 503 Service Temporarily Unavailable, delaying for: 1.546303728s
Preview application is now available at: http://bdd-gh-1581612615.**-cb-kubecd-bdd-gh-1581612615-pr-1.3.218.187.46.nip.io
